<?xml version="1.0" encoding="UTF-8"?>
<!-- Generated by org.testng.reporters.JUnitXMLReporter -->
<testsuite ignored="0" hostname="DESKTOP-H0PI4DT" failures="0" tests="3" name="Test" time="18.638" errors="0" timestamp="2022-10-27T15:00:12 IST">
  <testcase classname="logExample.NOPComLogin" name="verifyLogin" time="6.538"/>
  <testcase classname="logExample.NOPComLogin" name="verifyAppTitle" time="0.022"/>
  <testcase classname="logExample.NOPComLogin" name="verifyLogout" time="1.908"/>
</testsuite> <!-- Test -->
