<?xml version="1.0" encoding="UTF-8"?>
<!-- Generated by org.testng.reporters.JUnitXMLReporter -->
<testsuite ignored="0" hostname="DESKTOP-H0PI4DT" failures="0" tests="4" name="Test4" time="0.28" errors="0" timestamp="2022-10-21T16:47:12 IST">
  <testcase classname="crossBrowserTesting.HRMLogin" name="login" time="0.014"/>
  <testcase classname="crossBrowserTesting.HRMLogin" name="additems" time="0.025"/>
  <testcase classname="crossBrowserTesting.HRMLogin" name="payment" time="0.019"/>
  <testcase classname="crossBrowserTesting.HRMLogin" name="logout" time="0.003"/>
</testsuite> <!-- Test4 -->
