<?xml version="1.0" encoding="UTF-8"?>
<!-- Generated by org.testng.reporters.JUnitXMLReporter -->
<testsuite ignored="0" hostname="DESKTOP-QNHJ5Q7" failures="0" tests="3" name="Test" time="57.833" errors="0" timestamp="2022-11-03T02:44:56 PDT">
  <testcase classname="dataDrivenTest.NOPComLogin" name="verifyLoginWithInValidUser" time="11.411"/>
  <testcase classname="dataDrivenTest.NOPComLogin" name="verifyLoginWithInValidUser" time="10.812"/>
  <testcase classname="dataDrivenTest.NOPComLogin" name="verifyLoginWithInValidUser" time="10.864"/>
</testsuite> <!-- Test -->
