<?xml version="1.0" encoding="UTF-8"?>
<!-- Generated by org.testng.reporters.JUnitReportReporter -->
<testsuite hostname="DESKTOP-QNHJ5Q7" name="tests.LoginTest" tests="3" failures="0" timestamp="2 Nov 2022 06:46:12 GMT" time="4.498" errors="0">
  <testcase name="TC_01_verifyLoginFeatureWithValid" time="3.219" classname="tests.LoginTest"/>
  <testcase name="verifyLogout" time="1.260" classname="tests.LoginTest"/>
  <testcase name="verifyAppLicationTitle" time="0.019" classname="tests.LoginTest"/>
</testsuite> <!-- tests.LoginTest -->
